{"/Users/mr-h/DEV/Perso/todo-nuxt3/.nuxt/app.config.mjs": {"path":"/Users/mr-h/DEV/Perso/todo-nuxt3/.nuxt/app.config.mjs","all":false,"statementMap":{"0":{"start":{"line":1,"column":0},"end":{"line":1,"column":0}},"1":{"start":{"line":2,"column":0},"end":{"line":2,"column":89}},"2":{"start":{"line":3,"column":0},"end":{"line":3,"column":0}},"3":{"start":{"line":4,"column":0},"end":{"line":4,"column":23}},"4":{"start":{"line":5,"column":0},"end":{"line":5,"column":0}},"5":{"start":{"line":6,"column":0},"end":{"line":6,"column":0}},"6":{"start":{"line":7,"column":0},"end":{"line":7,"column":0}},"7":{"start":{"line":8,"column":0},"end":{"line":8,"column":51}}},"s":{"0":1,"1":1,"2":1,"3":1,"4":1,"5":1,"6":1,"7":1},"branchMap":{},"b":{},"fnMap":{},"f":{}}
,"/Users/mr-h/DEV/Perso/todo-nuxt3/store/todo.ts": {"path":"/Users/mr-h/DEV/Perso/todo-nuxt3/store/todo.ts","all":false,"statementMap":{"0":{"start":{"line":1,"column":0},"end":{"line":1,"column":63}},"1":{"start":{"line":2,"column":0},"end":{"line":2,"column":34}},"2":{"start":{"line":3,"column":0},"end":{"line":3,"column":0}},"3":{"start":{"line":4,"column":0},"end":{"line":4,"column":33}},"4":{"start":{"line":5,"column":0},"end":{"line":5,"column":12}},"5":{"start":{"line":6,"column":0},"end":{"line":6,"column":3}},"6":{"start":{"line":7,"column":0},"end":{"line":7,"column":0}},"7":{"start":{"line":8,"column":0},"end":{"line":8,"column":17}},"8":{"start":{"line":9,"column":0},"end":{"line":9,"column":50}},"9":{"start":{"line":10,"column":0},"end":{"line":10,"column":61}},"10":{"start":{"line":11,"column":0},"end":{"line":11,"column":4}},"11":{"start":{"line":12,"column":0},"end":{"line":12,"column":42}},"12":{"start":{"line":13,"column":0},"end":{"line":13,"column":56}},"13":{"start":{"line":14,"column":0},"end":{"line":14,"column":59}},"14":{"start":{"line":15,"column":0},"end":{"line":15,"column":7}},"15":{"start":{"line":16,"column":0},"end":{"line":16,"column":4}},"16":{"start":{"line":17,"column":0},"end":{"line":17,"column":2}},"17":{"start":{"line":18,"column":0},"end":{"line":18,"column":0}},"18":{"start":{"line":19,"column":0},"end":{"line":19,"column":17}},"19":{"start":{"line":20,"column":0},"end":{"line":20,"column":29}},"20":{"start":{"line":21,"column":0},"end":{"line":21,"column":24}},"21":{"start":{"line":22,"column":0},"end":{"line":22,"column":17}},"22":{"start":{"line":23,"column":0},"end":{"line":23,"column":21}},"23":{"start":{"line":24,"column":0},"end":{"line":24,"column":18}},"24":{"start":{"line":25,"column":0},"end":{"line":25,"column":28}},"25":{"start":{"line":26,"column":0},"end":{"line":26,"column":28}},"26":{"start":{"line":27,"column":0},"end":{"line":27,"column":6}},"27":{"start":{"line":28,"column":0},"end":{"line":28,"column":26}},"28":{"start":{"line":29,"column":0},"end":{"line":29,"column":4}},"29":{"start":{"line":30,"column":0},"end":{"line":30,"column":22}},"30":{"start":{"line":31,"column":0},"end":{"line":31,"column":67}},"31":{"start":{"line":32,"column":0},"end":{"line":32,"column":4}},"32":{"start":{"line":33,"column":0},"end":{"line":33,"column":42}},"33":{"start":{"line":34,"column":0},"end":{"line":34,"column":49}},"34":{"start":{"line":35,"column":0},"end":{"line":35,"column":67}},"35":{"start":{"line":36,"column":0},"end":{"line":36,"column":35}},"36":{"start":{"line":37,"column":0},"end":{"line":37,"column":29}},"37":{"start":{"line":38,"column":0},"end":{"line":38,"column":18}},"38":{"start":{"line":39,"column":0},"end":{"line":39,"column":30}},"39":{"start":{"line":40,"column":0},"end":{"line":40,"column":9}},"40":{"start":{"line":41,"column":0},"end":{"line":41,"column":7}},"41":{"start":{"line":42,"column":0},"end":{"line":42,"column":4}},"42":{"start":{"line":43,"column":0},"end":{"line":43,"column":2}},"43":{"start":{"line":44,"column":0},"end":{"line":44,"column":0}},"44":{"start":{"line":45,"column":0},"end":{"line":45,"column":54}},"45":{"start":{"line":46,"column":0},"end":{"line":46,"column":8}},"46":{"start":{"line":47,"column":0},"end":{"line":47,"column":10}},"47":{"start":{"line":48,"column":0},"end":{"line":48,"column":10}},"48":{"start":{"line":49,"column":0},"end":{"line":49,"column":3}}},"s":{"0":1,"1":1,"2":1,"3":9,"4":9,"5":9,"6":1,"7":1,"8":1,"9":1,"10":1,"11":1,"12":1,"13":4,"14":1,"15":1,"16":1,"17":1,"18":1,"19":5,"20":5,"21":5,"22":5,"23":5,"24":5,"25":5,"26":5,"27":5,"28":1,"29":1,"30":1,"31":1,"32":2,"33":2,"34":2,"35":2,"36":2,"37":2,"38":2,"39":2,"40":2,"41":1,"42":1,"43":1,"44":1,"45":1,"46":1,"47":1,"48":9},"branchMap":{"0":{"type":"branch","line":4,"loc":{"start":{"line":4,"column":0},"end":{"line":6,"column":3}},"locations":[{"start":{"line":4,"column":0},"end":{"line":6,"column":3}}]},"1":{"type":"branch","line":8,"loc":{"start":{"line":8,"column":16},"end":{"line":10,"column":61}},"locations":[{"start":{"line":8,"column":16},"end":{"line":10,"column":61}}]},"2":{"type":"branch","line":8,"loc":{"start":{"line":8,"column":16},"end":{"line":10,"column":61}},"locations":[{"start":{"line":8,"column":16},"end":{"line":10,"column":61}}]},"3":{"type":"branch","line":10,"loc":{"start":{"line":10,"column":4},"end":{"line":10,"column":59}},"locations":[{"start":{"line":10,"column":4},"end":{"line":10,"column":59}}]},"4":{"type":"branch","line":11,"loc":{"start":{"line":11,"column":2},"end":{"line":15,"column":7}},"locations":[{"start":{"line":11,"column":2},"end":{"line":15,"column":7}}]},"5":{"type":"branch","line":13,"loc":{"start":{"line":13,"column":4},"end":{"line":14,"column":59}},"locations":[{"start":{"line":13,"column":4},"end":{"line":14,"column":59}}]},"6":{"type":"branch","line":19,"loc":{"start":{"line":19,"column":16},"end":{"line":28,"column":26}},"locations":[{"start":{"line":19,"column":16},"end":{"line":28,"column":26}}]},"7":{"type":"branch","line":29,"loc":{"start":{"line":29,"column":2},"end":{"line":31,"column":67}},"locations":[{"start":{"line":29,"column":2},"end":{"line":31,"column":67}}]},"8":{"type":"branch","line":31,"loc":{"start":{"line":31,"column":4},"end":{"line":31,"column":65}},"locations":[{"start":{"line":31,"column":4},"end":{"line":31,"column":65}}]},"9":{"type":"branch","line":32,"loc":{"start":{"line":32,"column":2},"end":{"line":41,"column":7}},"locations":[{"start":{"line":32,"column":2},"end":{"line":41,"column":7}}]},"10":{"type":"branch","line":34,"loc":{"start":{"line":34,"column":4},"end":{"line":40,"column":9}},"locations":[{"start":{"line":34,"column":4},"end":{"line":40,"column":9}}]},"11":{"type":"branch","line":35,"loc":{"start":{"line":35,"column":6},"end":{"line":35,"column":67}},"locations":[{"start":{"line":35,"column":6},"end":{"line":35,"column":67}}]},"12":{"type":"branch","line":49,"loc":{"start":{"line":49,"column":0},"end":{"line":49,"column":3}},"locations":[{"start":{"line":49,"column":0},"end":{"line":49,"column":3}}]}},"b":{"0":[9],"1":[1],"2":[1],"3":[1],"4":[1],"5":[4],"6":[5],"7":[1],"8":[1],"9":[2],"10":[2],"11":[2],"12":[9]},"fnMap":{"0":{"name":"state","decl":{"start":{"line":4,"column":0},"end":{"line":6,"column":3}},"loc":{"start":{"line":4,"column":0},"end":{"line":6,"column":3}},"line":4},"1":{"name":"getById","decl":{"start":{"line":8,"column":16},"end":{"line":10,"column":61}},"loc":{"start":{"line":8,"column":16},"end":{"line":10,"column":61}},"line":8},"2":{"name":"getOrderedTodos","decl":{"start":{"line":11,"column":2},"end":{"line":15,"column":7}},"loc":{"start":{"line":11,"column":2},"end":{"line":15,"column":7}},"line":11},"3":{"name":"add","decl":{"start":{"line":19,"column":16},"end":{"line":28,"column":26}},"loc":{"start":{"line":19,"column":16},"end":{"line":28,"column":26}},"line":19},"4":{"name":"remove","decl":{"start":{"line":29,"column":2},"end":{"line":31,"column":67}},"loc":{"start":{"line":29,"column":2},"end":{"line":31,"column":67}},"line":29},"5":{"name":"update","decl":{"start":{"line":32,"column":2},"end":{"line":41,"column":7}},"loc":{"start":{"line":32,"column":2},"end":{"line":41,"column":7}},"line":32},"6":{"name":"get","decl":{"start":{"line":49,"column":0},"end":{"line":49,"column":3}},"loc":{"start":{"line":49,"column":0},"end":{"line":49,"column":3}},"line":49}},"f":{"0":9,"1":1,"2":1,"3":5,"4":1,"5":2,"6":9}}
}
